CRITICAL - 2026-03-05 13:16:11 --> ErrorException: filesize(): stat failed for C:\xampp\htdocs\AJES\writable\session/ci_session1f2998732bdb7dd98f1eafcb0de8084e
[Method: GET, Route: auth/logout]
in SYSTEMPATH\Session\Handlers\FileHandler.php on line 157.
 1 [internal function]: CodeIgniter\Debug\Exceptions->errorHandler(2, 'filesize(): stat failed for C:\\xampp\\htdocs\\AJES\\writable\\session/ci_session1f2998732bdb7dd98f1eafcb0de8084e', 'C:\\xampp\\htdocs\\AJES\\system\\Session\\Handlers\\FileHandler.php', 157)
 2 SYSTEMPATH\Session\Handlers\FileHandler.php(157): filesize('C:\\xampp\\htdocs\\AJES\\writable\\session/ci_session1f2998732bdb7dd98f1eafcb0de8084e')
 3 [internal function]: CodeIgniter\Session\Handlers\FileHandler->read('1f2998732bdb7dd98f1eafcb0de8084e')
 4 SYSTEMPATH\Session\Session.php(625): session_start()
 5 SYSTEMPATH\Session\Session.php(120): CodeIgniter\Session\Session->startSession()
 6 SYSTEMPATH\Config\Services.php(715): CodeIgniter\Session\Session->start()
 7 SYSTEMPATH\Config\BaseService.php(325): CodeIgniter\Config\Services::session(Object(Config\Session), false)
 8 SYSTEMPATH\Config\BaseService.php(264): CodeIgniter\Config\BaseService::__callStatic('session', [...])
 9 SYSTEMPATH\Config\Services.php(668): CodeIgniter\Config\BaseService::getSharedInstance('session', null)
10 SYSTEMPATH\Config\BaseService.php(334): CodeIgniter\Config\Services::session()
11 SYSTEMPATH\Config\BaseService.php(203): CodeIgniter\Config\BaseService::__callStatic('session', [])
12 SYSTEMPATH\Common.php(1078): CodeIgniter\Config\BaseService::get('session')
13 SYSTEMPATH\Common.php(1051): service('session')
14 APPPATH\Controllers\Auth.php(68): session()
15 SYSTEMPATH\CodeIgniter.php(951): App\Controllers\Auth->logout()
16 SYSTEMPATH\CodeIgniter.php(497): CodeIgniter\CodeIgniter->runController(Object(App\Controllers\Auth))
17 SYSTEMPATH\CodeIgniter.php(340): CodeIgniter\CodeIgniter->handleRequest(null, Object(Config\Cache), false)
18 SYSTEMPATH\Boot.php(417): CodeIgniter\CodeIgniter->run()
19 SYSTEMPATH\Boot.php(68): CodeIgniter\Boot::runCodeIgniter(Object(CodeIgniter\CodeIgniter))
20 FCPATH\index.php(59): CodeIgniter\Boot::bootWeb(Object(Config\Paths))
CRITICAL - 2026-03-05 13:16:13 --> ErrorException: filesize(): stat failed for C:\xampp\htdocs\AJES\writable\session/ci_session1f2998732bdb7dd98f1eafcb0de8084e
[Method: GET, Route: auth/logout]
in SYSTEMPATH\Session\Handlers\FileHandler.php on line 157.
 1 [internal function]: CodeIgniter\Debug\Exceptions->errorHandler(2, 'filesize(): stat failed for C:\\xampp\\htdocs\\AJES\\writable\\session/ci_session1f2998732bdb7dd98f1eafcb0de8084e', 'C:\\xampp\\htdocs\\AJES\\system\\Session\\Handlers\\FileHandler.php', 157)
 2 SYSTEMPATH\Session\Handlers\FileHandler.php(157): filesize('C:\\xampp\\htdocs\\AJES\\writable\\session/ci_session1f2998732bdb7dd98f1eafcb0de8084e')
 3 [internal function]: CodeIgniter\Session\Handlers\FileHandler->read('1f2998732bdb7dd98f1eafcb0de8084e')
 4 SYSTEMPATH\Session\Session.php(625): session_start()
 5 SYSTEMPATH\Session\Session.php(120): CodeIgniter\Session\Session->startSession()
 6 SYSTEMPATH\Config\Services.php(715): CodeIgniter\Session\Session->start()
 7 SYSTEMPATH\Config\BaseService.php(325): CodeIgniter\Config\Services::session(Object(Config\Session), false)
 8 SYSTEMPATH\Config\BaseService.php(264): CodeIgniter\Config\BaseService::__callStatic('session', [...])
 9 SYSTEMPATH\Config\Services.php(668): CodeIgniter\Config\BaseService::getSharedInstance('session', null)
10 SYSTEMPATH\Config\BaseService.php(334): CodeIgniter\Config\Services::session()
11 SYSTEMPATH\Config\BaseService.php(203): CodeIgniter\Config\BaseService::__callStatic('session', [])
12 SYSTEMPATH\Common.php(1078): CodeIgniter\Config\BaseService::get('session')
13 SYSTEMPATH\Common.php(1051): service('session')
14 APPPATH\Controllers\Auth.php(68): session()
15 SYSTEMPATH\CodeIgniter.php(951): App\Controllers\Auth->logout()
16 SYSTEMPATH\CodeIgniter.php(497): CodeIgniter\CodeIgniter->runController(Object(App\Controllers\Auth))
17 SYSTEMPATH\CodeIgniter.php(340): CodeIgniter\CodeIgniter->handleRequest(null, Object(Config\Cache), false)
18 SYSTEMPATH\Boot.php(417): CodeIgniter\CodeIgniter->run()
19 SYSTEMPATH\Boot.php(68): CodeIgniter\Boot::runCodeIgniter(Object(CodeIgniter\CodeIgniter))
20 FCPATH\index.php(59): CodeIgniter\Boot::bootWeb(Object(Config\Paths))
CRITICAL - 2026-03-05 13:16:13 --> ErrorException: filesize(): stat failed for C:\xampp\htdocs\AJES\writable\session/ci_session1f2998732bdb7dd98f1eafcb0de8084e
[Method: GET, Route: auth/logout]
in SYSTEMPATH\Session\Handlers\FileHandler.php on line 157.
 1 [internal function]: CodeIgniter\Debug\Exceptions->errorHandler(2, 'filesize(): stat failed for C:\\xampp\\htdocs\\AJES\\writable\\session/ci_session1f2998732bdb7dd98f1eafcb0de8084e', 'C:\\xampp\\htdocs\\AJES\\system\\Session\\Handlers\\FileHandler.php', 157)
 2 SYSTEMPATH\Session\Handlers\FileHandler.php(157): filesize('C:\\xampp\\htdocs\\AJES\\writable\\session/ci_session1f2998732bdb7dd98f1eafcb0de8084e')
 3 [internal function]: CodeIgniter\Session\Handlers\FileHandler->read('1f2998732bdb7dd98f1eafcb0de8084e')
 4 SYSTEMPATH\Session\Session.php(625): session_start()
 5 SYSTEMPATH\Session\Session.php(120): CodeIgniter\Session\Session->startSession()
 6 SYSTEMPATH\Config\Services.php(715): CodeIgniter\Session\Session->start()
 7 SYSTEMPATH\Config\BaseService.php(325): CodeIgniter\Config\Services::session(Object(Config\Session), false)
 8 SYSTEMPATH\Config\BaseService.php(264): CodeIgniter\Config\BaseService::__callStatic('session', [...])
 9 SYSTEMPATH\Config\Services.php(668): CodeIgniter\Config\BaseService::getSharedInstance('session', null)
10 SYSTEMPATH\Config\BaseService.php(334): CodeIgniter\Config\Services::session()
11 SYSTEMPATH\Config\BaseService.php(203): CodeIgniter\Config\BaseService::__callStatic('session', [])
12 SYSTEMPATH\Common.php(1078): CodeIgniter\Config\BaseService::get('session')
13 SYSTEMPATH\Common.php(1051): service('session')
14 APPPATH\Controllers\Auth.php(68): session()
15 SYSTEMPATH\CodeIgniter.php(951): App\Controllers\Auth->logout()
16 SYSTEMPATH\CodeIgniter.php(497): CodeIgniter\CodeIgniter->runController(Object(App\Controllers\Auth))
17 SYSTEMPATH\CodeIgniter.php(340): CodeIgniter\CodeIgniter->handleRequest(null, Object(Config\Cache), false)
18 SYSTEMPATH\Boot.php(417): CodeIgniter\CodeIgniter->run()
19 SYSTEMPATH\Boot.php(68): CodeIgniter\Boot::runCodeIgniter(Object(CodeIgniter\CodeIgniter))
20 FCPATH\index.php(59): CodeIgniter\Boot::bootWeb(Object(Config\Paths))
CRITICAL - 2026-03-05 13:16:13 --> ErrorException: filesize(): stat failed for C:\xampp\htdocs\AJES\writable\session/ci_session1f2998732bdb7dd98f1eafcb0de8084e
[Method: GET, Route: auth/logout]
in SYSTEMPATH\Session\Handlers\FileHandler.php on line 157.
 1 [internal function]: CodeIgniter\Debug\Exceptions->errorHandler(2, 'filesize(): stat failed for C:\\xampp\\htdocs\\AJES\\writable\\session/ci_session1f2998732bdb7dd98f1eafcb0de8084e', 'C:\\xampp\\htdocs\\AJES\\system\\Session\\Handlers\\FileHandler.php', 157)
 2 SYSTEMPATH\Session\Handlers\FileHandler.php(157): filesize('C:\\xampp\\htdocs\\AJES\\writable\\session/ci_session1f2998732bdb7dd98f1eafcb0de8084e')
 3 [internal function]: CodeIgniter\Session\Handlers\FileHandler->read('1f2998732bdb7dd98f1eafcb0de8084e')
 4 SYSTEMPATH\Session\Session.php(625): session_start()
 5 SYSTEMPATH\Session\Session.php(120): CodeIgniter\Session\Session->startSession()
 6 SYSTEMPATH\Config\Services.php(715): CodeIgniter\Session\Session->start()
 7 SYSTEMPATH\Config\BaseService.php(325): CodeIgniter\Config\Services::session(Object(Config\Session), false)
 8 SYSTEMPATH\Config\BaseService.php(264): CodeIgniter\Config\BaseService::__callStatic('session', [...])
 9 SYSTEMPATH\Config\Services.php(668): CodeIgniter\Config\BaseService::getSharedInstance('session', null)
10 SYSTEMPATH\Config\BaseService.php(334): CodeIgniter\Config\Services::session()
11 SYSTEMPATH\Config\BaseService.php(203): CodeIgniter\Config\BaseService::__callStatic('session', [])
12 SYSTEMPATH\Common.php(1078): CodeIgniter\Config\BaseService::get('session')
13 SYSTEMPATH\Common.php(1051): service('session')
14 APPPATH\Controllers\Auth.php(68): session()
15 SYSTEMPATH\CodeIgniter.php(951): App\Controllers\Auth->logout()
16 SYSTEMPATH\CodeIgniter.php(497): CodeIgniter\CodeIgniter->runController(Object(App\Controllers\Auth))
17 SYSTEMPATH\CodeIgniter.php(340): CodeIgniter\CodeIgniter->handleRequest(null, Object(Config\Cache), false)
18 SYSTEMPATH\Boot.php(417): CodeIgniter\CodeIgniter->run()
19 SYSTEMPATH\Boot.php(68): CodeIgniter\Boot::runCodeIgniter(Object(CodeIgniter\CodeIgniter))
20 FCPATH\index.php(59): CodeIgniter\Boot::bootWeb(Object(Config\Paths))
